# JRE version: OpenJDK Runtime Environment (11.0.13) (build 11.0.13+0-b1751.21-8125866)
# Java VM: OpenJDK 64-Bit Server VM (11.0.13+0-b1751.21-8125866, mixed mode, tiered, compressed oops, g1 gc, windows-amd64)
Heap:
 garbage-first heap   total 617472K, used 246784K [0x0000000080000000, 0x0000000100000000)
  region size 1024K, 8 young (8192K), 8 survivors (8192K)
 Metaspace       used 113566K, capacity 116524K, committed 119000K, reserved 1153024K
  class space    used 14192K, capacity 15228K, committed 16344K, reserved 1048576K
GC Heap History (20 events):
Event: 22.493 GC heap after
{Heap after GC invocations=26 (full 0):
 garbage-first heap   total 276480K, used 197390K [0x0000000080000000, 0x0000000100000000)
  region size 1024K, 5 young (5120K), 5 survivors (5120K)
 Metaspace       used 112282K, capacity 115520K, committed 117464K, reserved 1150976K
  class space    used 14246K, capacity 15423K, committed 16344K, reserved 1048576K
}
Event: 22.588 GC heap before
{Heap before GC invocations=27 (full 0):
 garbage-first heap   total 276480K, used 226062K [0x0000000080000000, 0x0000000100000000)
  region size 1024K, 33 young (33792K), 5 survivors (5120K)
 Metaspace       used 112423K, capacity 115651K, committed 117464K, reserved 1150976K
  class space    used 14267K, capacity 15468K, committed 16344K, reserved 1048576K
}
Event: 22.596 GC heap after
{Heap after GC invocations=28 (full 0):
 garbage-first heap   total 276480K, used 202343K [0x0000000080000000, 0x0000000100000000)
  region size 1024K, 5 young (5120K), 5 survivors (5120K)
 Metaspace       used 112423K, capacity 115651K, committed 117464K, reserved 1150976K
  class space    used 14267K, capacity 15468K, committed 16344K, reserved 1048576K
}
Event: 22.680 GC heap before
{Heap before GC invocations=28 (full 0):
 garbage-first heap   total 276480K, used 228967K [0x0000000080000000, 0x0000000100000000)
  region size 1024K, 32 young (32768K), 5 survivors (5120K)
 Metaspace       used 112682K, capacity 115951K, committed 117720K, reserved 1150976K
  class space    used 14296K, capacity 15483K, committed 16344K, reserved 1048576K
}
Event: 22.689 GC heap after
{Heap after GC invocations=29 (full 0):
 garbage-first heap   total 276480K, used 207339K [0x0000000080000000, 0x0000000100000000)
  region size 1024K, 4 young (4096K), 4 survivors (4096K)
 Metaspace       used 112682K, capacity 115951K, committed 117720K, reserved 1150976K
  class space    used 14296K, capacity 15483K, committed 16344K, reserved 1048576K
}
Event: 22.811 GC heap before
{Heap before GC invocations=29 (full 0):
 garbage-first heap   total 276480K, used 231915K [0x0000000080000000, 0x0000000100000000)
  region size 1024K, 28 young (28672K), 4 survivors (4096K)
 Metaspace       used 112760K, capacity 116012K, committed 117720K, reserved 1150976K
  class space    used 14310K, capacity 15504K, committed 16344K, reserved 1048576K
}
Event: 22.820 GC heap after
{Heap after GC invocations=30 (full 0):
 garbage-first heap   total 276480K, used 216764K [0x0000000080000000, 0x0000000100000000)
  region size 1024K, 4 young (4096K), 4 survivors (4096K)
 Metaspace       used 112760K, capacity 116012K, committed 117720K, reserved 1150976K
  class space    used 14310K, capacity 15504K, committed 16344K, reserved 1048576K
}
Event: 22.907 GC heap before
{Heap before GC invocations=30 (full 0):
 garbage-first heap   total 276480K, used 234172K [0x0000000080000000, 0x0000000100000000)
  region size 1024K, 21 young (21504K), 4 survivors (4096K)
 Metaspace       used 112950K, capacity 116214K, committed 117976K, reserved 1150976K
  class space    used 14343K, capacity 15549K, committed 16344K, reserved 1048576K
}
Event: 22.917 GC heap after
{Heap after GC invocations=31 (full 0):
 garbage-first heap   total 276480K, used 223854K [0x0000000080000000, 0x0000000100000000)
  region size 1024K, 3 young (3072K), 3 survivors (3072K)
 Metaspace       used 112950K, capacity 116214K, committed 117976K, reserved 1150976K
  class space    used 14343K, capacity 15549K, committed 16344K, reserved 1048576K
}
Event: 23.018 GC heap before
{Heap before GC invocations=31 (full 0):
 garbage-first heap   total 276480K, used 238190K [0x0000000080000000, 0x0000000100000000)
  region size 1024K, 16 young (16384K), 3 survivors (3072K)
 Metaspace       used 112316K, capacity 115219K, committed 117976K, reserved 1150976K
  class space    used 14119K, capacity 15131K, committed 16344K, reserved 1048576K
}
Event: 23.027 GC heap after
{Heap after GC invocations=32 (full 0):
 garbage-first heap   total 276480K, used 228237K [0x0000000080000000, 0x0000000100000000)
  region size 1024K, 2 young (2048K), 2 survivors (2048K)
 Metaspace       used 112316K, capacity 115219K, committed 117976K, reserved 1150976K
  class space    used 14119K, capacity 15131K, committed 16344K, reserved 1048576K
}
Event: 23.104 GC heap before
{Heap before GC invocations=33 (full 0):
 garbage-first heap   total 276480K, used 238477K [0x0000000080000000, 0x0000000100000000)
  region size 1024K, 13 young (13312K), 2 survivors (2048K)
 Metaspace       used 112465K, capacity 115396K, committed 117976K, reserved 1150976K
  class space    used 14133K, capacity 15146K, committed 16344K, reserved 1048576K
}
Event: 23.112 GC heap after
{Heap after GC invocations=34 (full 0):
 garbage-first heap   total 389120K, used 230537K [0x0000000080000000, 0x0000000100000000)
  region size 1024K, 2 young (2048K), 2 survivors (2048K)
 Metaspace       used 112465K, capacity 115396K, committed 117976K, reserved 1150976K
  class space    used 14133K, capacity 15146K, committed 16344K, reserved 1048576K
}
Event: 23.199 GC heap before
{Heap before GC invocations=34 (full 0):
 garbage-first heap   total 389120K, used 246921K [0x0000000080000000, 0x0000000100000000)
  region size 1024K, 19 young (19456K), 2 survivors (2048K)
 Metaspace       used 112834K, capacity 115801K, committed 118232K, reserved 1150976K
  class space    used 14193K, capacity 15238K, committed 16344K, reserved 1048576K
}
Event: 23.204 GC heap after
{Heap after GC invocations=35 (full 0):
 garbage-first heap   total 389120K, used 235938K [0x0000000080000000, 0x0000000100000000)
  region size 1024K, 3 young (3072K), 3 survivors (3072K)
 Metaspace       used 112834K, capacity 115801K, committed 118232K, reserved 1150976K
  class space    used 14193K, capacity 15238K, committed 16344K, reserved 1048576K
}
Event: 23.427 GC heap before
{Heap before GC invocations=35 (full 0):
 garbage-first heap   total 389120K, used 283042K [0x0000000080000000, 0x0000000100000000)
  region size 1024K, 50 young (51200K), 3 survivors (3072K)
 Metaspace       used 113094K, capacity 116069K, committed 118488K, reserved 1150976K
  class space    used 14208K, capacity 15260K, committed 16344K, reserved 1048576K
}
Event: 23.439 GC heap after
{Heap after GC invocations=36 (full 0):
 garbage-first heap   total 389120K, used 241599K [0x0000000080000000, 0x0000000100000000)
  region size 1024K, 7 young (7168K), 7 survivors (7168K)
 Metaspace       used 113094K, capacity 116069K, committed 118488K, reserved 1150976K
  class space    used 14208K, capacity 15260K, committed 16344K, reserved 1048576K
}
Event: 23.773 GC heap before
{Heap before GC invocations=36 (full 0):
 garbage-first heap   total 389120K, used 282559K [0x0000000080000000, 0x0000000100000000)
  region size 1024K, 56 young (57344K), 7 survivors (7168K)
 Metaspace       used 113429K, capacity 116385K, committed 118744K, reserved 1150976K
  class space    used 14191K, capacity 15228K, committed 16344K, reserved 1048576K
}
Event: 23.790 GC heap after
{Heap after GC invocations=37 (full 0):
 garbage-first heap   total 389120K, used 236987K [0x0000000080000000, 0x0000000100000000)
  region size 1024K, 4 young (4096K), 4 survivors (4096K)
 Metaspace       used 113429K, capacity 116385K, committed 118744K, reserved 1150976K
  class space    used 14191K, capacity 15228K, committed 16344K, reserved 1048576K
}
Event: 23.968 GC heap before
{Heap before GC invocations=38 (full 0):
 garbage-first heap   total 389120K, used 296379K [0x0000000080000000, 0x0000000100000000)
  region size 1024K, 58 young (59392K), 4 survivors (4096K)
 Metaspace       used 113566K, capacity 116524K, committed 119000K, reserved 1153024K
  class space    used 14192K, capacity 15228K, committed 16344K, reserved 1048576K
}

