# JRE version: OpenJDK Runtime Environment (11.0.13) (build 11.0.13+0-b1751.21-8125866)
# Java VM: OpenJDK 64-Bit Server VM (11.0.13+0-b1751.21-8125866, mixed mode, tiered, compressed oops, g1 gc, windows-amd64)
Heap:
 garbage-first heap   total 602112K, used 183544K [0x0000000080000000, 0x0000000100000000)
  region size 1024K, 6 young (6144K), 6 survivors (6144K)
 Metaspace       used 91488K, capacity 93707K, committed 98952K, reserved 1134592K
  class space    used 11702K, capacity 12533K, committed 14464K, reserved 1048576K
GC Heap History (20 events):
Event: 15.521 GC heap after
{Heap after GC invocations=26 (full 0):
 garbage-first heap   total 260096K, used 140722K [0x0000000080000000, 0x0000000100000000)
  region size 1024K, 8 young (8192K), 8 survivors (8192K)
 Metaspace       used 90793K, capacity 93018K, committed 98440K, reserved 1134592K
  class space    used 11652K, capacity 12502K, committed 14464K, reserved 1048576K
}
Event: 15.684 GC heap before
{Heap before GC invocations=26 (full 0):
 garbage-first heap   total 260096K, used 217522K [0x0000000080000000, 0x0000000100000000)
  region size 1024K, 83 young (84992K), 8 survivors (8192K)
 Metaspace       used 90800K, capacity 93027K, committed 98440K, reserved 1134592K
  class space    used 11654K, capacity 12504K, committed 14464K, reserved 1048576K
}
Event: 15.691 GC heap after
{Heap after GC invocations=27 (full 0):
 garbage-first heap   total 260096K, used 140336K [0x0000000080000000, 0x0000000100000000)
  region size 1024K, 3 young (3072K), 3 survivors (3072K)
 Metaspace       used 90800K, capacity 93027K, committed 98440K, reserved 1134592K
  class space    used 11654K, capacity 12504K, committed 14464K, reserved 1048576K
}
Event: 15.798 GC heap before
{Heap before GC invocations=28 (full 0):
 garbage-first heap   total 260096K, used 218160K [0x0000000080000000, 0x0000000100000000)
  region size 1024K, 79 young (80896K), 3 survivors (3072K)
 Metaspace       used 90801K, capacity 93027K, committed 98440K, reserved 1134592K
  class space    used 11654K, capacity 12504K, committed 14464K, reserved 1048576K
}
Event: 15.804 GC heap after
{Heap after GC invocations=29 (full 0):
 garbage-first heap   total 312320K, used 140975K [0x0000000080000000, 0x0000000100000000)
  region size 1024K, 3 young (3072K), 3 survivors (3072K)
 Metaspace       used 90801K, capacity 93027K, committed 98440K, reserved 1134592K
  class space    used 11654K, capacity 12504K, committed 14464K, reserved 1048576K
}
Event: 15.979 GC heap before
{Heap before GC invocations=29 (full 0):
 garbage-first heap   total 312320K, used 251567K [0x0000000080000000, 0x0000000100000000)
  region size 1024K, 112 young (114688K), 3 survivors (3072K)
 Metaspace       used 90921K, capacity 93161K, committed 98440K, reserved 1134592K
  class space    used 11666K, capacity 12506K, committed 14464K, reserved 1048576K
}
Event: 15.983 GC heap after
{Heap after GC invocations=30 (full 0):
 garbage-first heap   total 312320K, used 142377K [0x0000000080000000, 0x0000000100000000)
  region size 1024K, 5 young (5120K), 5 survivors (5120K)
 Metaspace       used 90921K, capacity 93161K, committed 98440K, reserved 1134592K
  class space    used 11666K, capacity 12506K, committed 14464K, reserved 1048576K
}
Event: 16.133 GC heap before
{Heap before GC invocations=30 (full 0):
 garbage-first heap   total 312320K, used 255017K [0x0000000080000000, 0x0000000100000000)
  region size 1024K, 116 young (118784K), 5 survivors (5120K)
 Metaspace       used 91070K, capacity 93299K, committed 98440K, reserved 1134592K
  class space    used 11693K, capacity 12530K, committed 14464K, reserved 1048576K
}
Event: 16.138 GC heap after
{Heap after GC invocations=31 (full 0):
 garbage-first heap   total 312320K, used 148114K [0x0000000080000000, 0x0000000100000000)
  region size 1024K, 10 young (10240K), 10 survivors (10240K)
 Metaspace       used 91070K, capacity 93299K, committed 98440K, reserved 1134592K
  class space    used 11693K, capacity 12530K, committed 14464K, reserved 1048576K
}
Event: 16.254 GC heap before
{Heap before GC invocations=31 (full 0):
 garbage-first heap   total 312320K, used 258706K [0x0000000080000000, 0x0000000100000000)
  region size 1024K, 117 young (119808K), 10 survivors (10240K)
 Metaspace       used 91100K, capacity 93302K, committed 98440K, reserved 1134592K
  class space    used 11693K, capacity 12530K, committed 14464K, reserved 1048576K
}
Event: 16.261 GC heap after
{Heap after GC invocations=32 (full 0):
 garbage-first heap   total 312320K, used 154567K [0x0000000080000000, 0x0000000100000000)
  region size 1024K, 13 young (13312K), 13 survivors (13312K)
 Metaspace       used 91100K, capacity 93302K, committed 98440K, reserved 1134592K
  class space    used 11693K, capacity 12530K, committed 14464K, reserved 1048576K
}
Event: 16.374 GC heap before
{Heap before GC invocations=32 (full 0):
 garbage-first heap   total 312320K, used 256967K [0x0000000080000000, 0x0000000100000000)
  region size 1024K, 114 young (116736K), 13 survivors (13312K)
 Metaspace       used 91224K, capacity 93440K, committed 98696K, reserved 1134592K
  class space    used 11701K, capacity 12532K, committed 14464K, reserved 1048576K
}
Event: 16.386 GC heap after
{Heap after GC invocations=33 (full 0):
 garbage-first heap   total 374784K, used 159653K [0x0000000080000000, 0x0000000100000000)
  region size 1024K, 10 young (10240K), 10 survivors (10240K)
 Metaspace       used 91224K, capacity 93440K, committed 98696K, reserved 1134592K
  class space    used 11701K, capacity 12532K, committed 14464K, reserved 1048576K
}
Event: 16.597 GC heap before
{Heap before GC invocations=34 (full 0):
 garbage-first heap   total 374784K, used 296869K [0x0000000080000000, 0x0000000100000000)
  region size 1024K, 140 young (143360K), 10 survivors (10240K)
 Metaspace       used 91283K, capacity 93506K, committed 98696K, reserved 1134592K
  class space    used 11701K, capacity 12532K, committed 14464K, reserved 1048576K
}
Event: 16.609 GC heap after
{Heap after GC invocations=35 (full 0):
 garbage-first heap   total 374784K, used 171744K [0x0000000080000000, 0x0000000100000000)
  region size 1024K, 18 young (18432K), 18 survivors (18432K)
 Metaspace       used 91283K, capacity 93506K, committed 98696K, reserved 1134592K
  class space    used 11701K, capacity 12532K, committed 14464K, reserved 1048576K
}
Event: 16.723 GC heap before
{Heap before GC invocations=35 (full 0):
 garbage-first heap   total 374784K, used 298720K [0x0000000080000000, 0x0000000100000000)
  region size 1024K, 143 young (146432K), 18 survivors (18432K)
 Metaspace       used 91299K, capacity 93506K, committed 98696K, reserved 1134592K
  class space    used 11701K, capacity 12532K, committed 14464K, reserved 1048576K
}
Event: 16.737 GC heap after
{Heap after GC invocations=36 (full 0):
 garbage-first heap   total 374784K, used 179780K [0x0000000080000000, 0x0000000100000000)
  region size 1024K, 9 young (9216K), 9 survivors (9216K)
 Metaspace       used 91299K, capacity 93506K, committed 98696K, reserved 1134592K
  class space    used 11701K, capacity 12532K, committed 14464K, reserved 1048576K
}
Event: 16.854 GC heap before
{Heap before GC invocations=36 (full 0):
 garbage-first heap   total 374784K, used 304708K [0x0000000080000000, 0x0000000100000000)
  region size 1024K, 131 young (134144K), 9 survivors (9216K)
 Metaspace       used 91364K, capacity 93570K, committed 98696K, reserved 1134592K
  class space    used 11701K, capacity 12532K, committed 14464K, reserved 1048576K
}
Event: 16.864 GC heap after
{Heap after GC invocations=37 (full 0):
 garbage-first heap   total 374784K, used 182583K [0x0000000080000000, 0x0000000100000000)
  region size 1024K, 12 young (12288K), 12 survivors (12288K)
 Metaspace       used 91364K, capacity 93570K, committed 98696K, reserved 1134592K
  class space    used 11701K, capacity 12532K, committed 14464K, reserved 1048576K
}
Event: 17.067 GC heap before
{Heap before GC invocations=37 (full 0):
 garbage-first heap   total 374784K, used 308535K [0x0000000080000000, 0x0000000100000000)
  region size 1024K, 135 young (138240K), 12 survivors (12288K)
 Metaspace       used 91488K, capacity 93707K, committed 98952K, reserved 1134592K
  class space    used 11702K, capacity 12533K, committed 14464K, reserved 1048576K
}

